#
# There is insufficient memory for the Java Runtime Environment to continue.
# Native memory allocation (malloc) failed to allocate 1048576 bytes for AllocateHeap
# Possible reasons:
#   The system is out of physical RAM or swap space
#   In 32 bit mode, the process size limit was hit
# Possible solutions:
#   Reduce memory load on the system
#   Increase physical memory or swap space
#   Check if swap backing store is full
#   Use 64 bit Java on a 64 bit OS
#   Decrease Java heap size (-Xmx/-Xms)
#   Decrease number of Java threads
#   Decrease Java thread stack sizes (-Xss)
#   Set larger code cache with -XX:ReservedCodeCacheSize=
# This output file may be truncated or incomplete.
#
#  Out of Memory Error (memory/allocation.inline.hpp:61), pid=53876, tid=0x000000000000f2dc
#
# JRE version:  (8.0_111-b14) (build )
# Java VM: Java HotSpot(TM) 64-Bit Server VM (25.111-b14 mixed mode windows-amd64 compressed oops)
# Failed to write core dump. Minidumps are not enabled by default on client versions of Windows
#

---------------  T H R E A D  ---------------

Current thread (0x0000000002d34800):  JavaThread "Unknown thread" [_thread_in_vm, id=62172, stack(0x0000000002a00000,0x0000000002b00000)]

Stack: [0x0000000002a00000,0x0000000002b00000]
[error occurred during error reporting (printing stack bounds), id 0xc0000005]

Native frames: (J=compiled Java code, j=interpreted, Vv=VM code, C=native code)


---------------  P R O C E S S  ---------------

Java Threads: ( => current thread )

Other Threads:

=>0x0000000002d34800 (exited) JavaThread "Unknown thread" [_thread_in_vm, id=62172, stack(0x0000000002a00000,0x0000000002b00000)]

VM state:not at safepoint (normal execution)

VM Mutex/Monitor currently owned by a thread: None

Heap:
 PSYoungGen      total 153088K, used 2631K [0x0000000715b80000, 0x0000000720600000, 0x00000007c0000000)
  eden space 131584K, 2% used [0x0000000715b80000,0x0000000715e11ec8,0x000000071dc00000)
  from space 21504K, 0% used [0x000000071f100000,0x000000071f100000,0x0000000720600000)
  to   space 21504K, 0% used [0x000000071dc00000,0x000000071dc00000,0x000000071f100000)
 ParOldGen       total 349696K, used 0K [0x00000005c1200000, 0x00000005d6780000, 0x0000000715b80000)
  object space 349696K, 0% used [0x00000005c1200000,0x00000005c1200000,0x00000005d6780000)
 Metaspace       used 770K, capacity 4480K, committed 4480K, reserved 1056768K
  class space    used 75K, capacity 384K, committed 384K, reserved 1048576K

Card table byte_map: [0x00000000121f0000,0x00000000131f0000] byte_map_base: 0x000000000f3e7000

Marking Bits: (ParMarkBitMap*) 0x000000006141a6c0
 Begin Bits: [0x00000000146a0000, 0x000000001c658000)
 End Bits:   [0x000000001c658000, 0x0000000024610000)

Polling page: 0x0000000000870000

CodeCache: size=245760Kb used=328Kb max_used=328Kb free=245431Kb
 bounds [0x0000000002e30000, 0x00000000030a0000, 0x0000000011e30000]
 total_blobs=58 nmethods=0 adapters=38
 compilation: enabled

Compilation events (0 events):
No events

GC Heap History (0 events):
No events

Deoptimization events (0 events):
No events

Internal exceptions (0 events):
No events

Events (10 events):
Event: 0.045 loading class java/lang/Short
Event: 0.045 loading class java/lang/Short done
Event: 0.045 loading class java/lang/Integer
Event: 0.045 loading class java/lang/Integer done
Event: 0.045 loading class java/lang/Long
Event: 0.045 loading class java/lang/Long done
Event: 0.046 loading class java/lang/NullPointerException
Event: 0.046 loading class java/lang/NullPointerException done
Event: 0.046 loading class java/lang/ArithmeticException
Event: 0.046 loading class java/lang/ArithmeticException done


Dynamic libraries:
0x00007ff7ccf30000 - 0x00007ff7ccf67000 	C:\Program Files\Java\jdk1.8.0_111\bin\java.exe
0x00007ffed7300000 - 0x00007ffed74f0000 	C:\WINDOWS\SYSTEM32\ntdll.dll
0x00007ffed66e0000 - 0x00007ffed6792000 	C:\WINDOWS\System32\KERNEL32.DLL
0x00007ffed45c0000 - 0x00007ffed4865000 	C:\WINDOWS\System32\KERNELBASE.dll
0x00007ffed6860000 - 0x00007ffed6903000 	C:\WINDOWS\System32\ADVAPI32.dll
0x00007ffed5880000 - 0x00007ffed591e000 	C:\WINDOWS\System32\msvcrt.dll
0x00007ffed5de0000 - 0x00007ffed5e77000 	C:\WINDOWS\System32\sechost.dll
0x00007ffed56f0000 - 0x00007ffed580f000 	C:\WINDOWS\System32\RPCRT4.dll
0x00007ffed69c0000 - 0x00007ffed6b54000 	C:\WINDOWS\System32\USER32.dll
0x00007ffed50a0000 - 0x00007ffed50c1000 	C:\WINDOWS\System32\win32u.dll
0x00007ffed6830000 - 0x00007ffed6856000 	C:\WINDOWS\System32\GDI32.dll
0x00007ffed43f0000 - 0x00007ffed4588000 	C:\WINDOWS\System32\gdi32full.dll
0x00007ffed5120000 - 0x00007ffed51be000 	C:\WINDOWS\System32\msvcp_win.dll
0x00007ffed42f0000 - 0x00007ffed43ea000 	C:\WINDOWS\System32\ucrtbase.dll
0x00007ffec7bd0000 - 0x00007ffec7e54000 	C:\WINDOWS\WinSxS\amd64_microsoft.windows.common-controls_6595b64144ccf1df_6.0.18362.1556_none_9e7e372fe45e41d5\COMCTL32.dll
0x00007ffed5940000 - 0x00007ffed5c76000 	C:\WINDOWS\System32\combase.dll
0x00007ffed51c0000 - 0x00007ffed5241000 	C:\WINDOWS\System32\bcryptPrimitives.dll
0x00007ffed6800000 - 0x00007ffed682e000 	C:\WINDOWS\System32\IMM32.DLL
0x0000000062880000 - 0x0000000062952000 	C:\Program Files\Java\jdk1.8.0_111\jre\bin\msvcr100.dll
0x0000000060c00000 - 0x000000006149a000 	C:\Program Files\Java\jdk1.8.0_111\jre\bin\server\jvm.dll
0x00007ffed6bc0000 - 0x00007ffed6bc8000 	C:\WINDOWS\System32\PSAPI.DLL
0x00007ffec75d0000 - 0x00007ffec75d9000 	C:\WINDOWS\SYSTEM32\WSOCK32.dll
0x00007ffed2400000 - 0x00007ffed2424000 	C:\WINDOWS\SYSTEM32\WINMM.dll
0x00007ffeccd10000 - 0x00007ffeccd1a000 	C:\WINDOWS\SYSTEM32\VERSION.dll
0x00007ffed65f0000 - 0x00007ffed665f000 	C:\WINDOWS\System32\WS2_32.dll
0x00007ffed2090000 - 0x00007ffed20bd000 	C:\WINDOWS\SYSTEM32\WINMMBASE.dll
0x00007ffed50d0000 - 0x00007ffed511a000 	C:\WINDOWS\System32\cfgmgr32.dll
0x0000000062870000 - 0x000000006287f000 	C:\Program Files\Java\jdk1.8.0_111\jre\bin\verify.dll
0x0000000062840000 - 0x0000000062869000 	C:\Program Files\Java\jdk1.8.0_111\jre\bin\java.dll
0x0000000062810000 - 0x0000000062833000 	C:\Program Files\Java\jdk1.8.0_111\jre\bin\instrument.dll
0x00000000627f0000 - 0x0000000062806000 	C:\Program Files\Java\jdk1.8.0_111\jre\bin\zip.dll

VM Arguments:
jvm_args: -javaagent:D:\IDEA20201\IntelliJ IDEA 2020.1\lib\idea_rt.jar=60858:D:\IDEA20201\IntelliJ IDEA 2020.1\bin -Dfile.encoding=UTF-8 
java_command: com.example.designmode.simplefactory.Client
java_class_path (initial): C:\Program Files\Java\jdk1.8.0_111\jre\lib\charsets.jar;C:\Program Files\Java\jdk1.8.0_111\jre\lib\deploy.jar;C:\Program Files\Java\jdk1.8.0_111\jre\lib\ext\access-bridge-64.jar;C:\Program Files\Java\jdk1.8.0_111\jre\lib\ext\cldrdata.jar;C:\Program Files\Java\jdk1.8.0_111\jre\lib\ext\dnsns.jar;C:\Program Files\Java\jdk1.8.0_111\jre\lib\ext\jaccess.jar;C:\Program Files\Java\jdk1.8.0_111\jre\lib\ext\jfxrt.jar;C:\Program Files\Java\jdk1.8.0_111\jre\lib\ext\localedata.jar;C:\Program Files\Java\jdk1.8.0_111\jre\lib\ext\nashorn.jar;C:\Program Files\Java\jdk1.8.0_111\jre\lib\ext\sunec.jar;C:\Program Files\Java\jdk1.8.0_111\jre\lib\ext\sunjce_provider.jar;C:\Program Files\Java\jdk1.8.0_111\jre\lib\ext\sunmscapi.jar;C:\Program Files\Java\jdk1.8.0_111\jre\lib\ext\sunpkcs11.jar;C:\Program Files\Java\jdk1.8.0_111\jre\lib\ext\zipfs.jar;C:\Program Files\Java\jdk1.8.0_111\jre\lib\javaws.jar;C:\Program Files\Java\jdk1.8.0_111\jre\lib\jce.jar;C:\Program Files\Java\jdk1.8.0_111\jre\lib\jfr.jar;C:\Program Files\Java\jdk1.8.0_111\jre\lib\jfxswt.jar;C:\Program Files\Java\jdk1.8.0_111\jre\lib\jsse.jar;C:\Program Files\Java\jdk1.8.0_111\jre\lib\management-agent.jar;C:\Program Files\Java\jdk1.8.0_111\jre\lib\plugin.jar;C:\Program Files\Java\jdk1.8.0_111\jre\lib\resources.jar;C:\Program Files\Java\jdk1.8.0_111\jre\lib\rt.jar;D:\githubproduct\design-mode\target\classes;C:\Users\Administrator\.m2\repository\org\springframework\boot\spring-boot-starter-web\2.5.4\spring-boot-starter-web-2.5.4.jar;C:\Users\Administrator\.m2\repository\org\springframework\boot\spring-boot-starter\2.5.4\spring-boot-starter-2.5.4.jar;C:\Users\Administrator\.m2\repository\org\springframework\boot\spring-boot\2.5.4\spring-boot-2.5.4.jar;C:\Users\Administrator\.m2\repository\org\springframework\boot\spring-boot-autoconfigure\2.5.4\spring-boot-autoconfigure-2.5.4.jar;C:\Users\Administrator\.m2\repository\org\springframework\boot\spring-boot-starter-logging\2.5.4\spring-boot-starter-logging-
Launcher Type: SUN_STANDARD

Environment Variables:
JAVA_HOME=C:\Program Files\Java\jdk1.8.0_111
JRE_HOME=C:\Program Files\Java\jre1.8.0_111
CLASSPATH=.;C:\Program Files\Java\jdk1.8.0_111\lib\dt.jar;C:\Program Files\Java\jdk1.8.0_111\lib\tools.jar;
PATH=D:\xftp\;D:\xshell\;C:\ProgramData\Oracle\Java\javapath;C:\Program Files\Java\jdk1.8.0_111\lib;C:\Program Files\Java\jdk1.8.0_111\lib\tools.jar;D:\Git\Git\cmd;D:\Git\Git\usr\bin;D:\Git\Git\bin;C:\Program Files\TortoiseGit\bin;D:\AndroidStudio\AndroidSDK\tools;D:\AndroidStudio\AndroidSDK\platform-tools;D:\flutter\flutter\bin;C:\WINDOWS\system32;C:\WINDOWS;C:\WINDOWS\System32\Wbem;C:\WINDOWS\System32\WindowsPowerShell\v1.0\;C:\WINDOWS\System32\OpenSSH\;D:\node\;D:\mavens\apache-maven-3.6.3\bin;C:\Program Files\MySQL\MySQL Server 8.0\bin;C:\Program Files\Java\jdk1.8.0_111\bin;C:\Program Files\Java\jdk1.8.0_111\jre\bin;D:\Maven\apache-maven-3.6.3\bin;D:\Program Files (x86)\Microsoft SQL Server\100\Tools\Binn\;D:\Program Files\Microsoft SQL Server\100\Tools\Binn\;D:\Program Files\Microsoft SQL Server\100\DTS\Binn\;D:\Program Files (x86)\Microsoft SQL Server\100\Tools\Binn\VSShell\Common7\IDE\;C:\Program Files (x86)\Microsoft Visual Studio 9.0\Common7\IDE\PrivateAssemblies\;D:\Program Files (x86)\Microsoft SQL Server\100\DTS\Binn\;C:\Users\Administrator\AppData\Roaming\npm;C:\Program Files\Docker\Docker\resources\bin;C:\ProgramData\DockerDesktop\version-bin;D:\Èí¼þ°²×°;E:\apache-tomcat-10.0.7\bin;C:\Program Files\MySQL\MySQL Shell 8.0\bin\;C:\Users\Administrator\AppData\Local\Microsoft\WindowsApps;C:\Users\Administrator\AppData\Local\GitHubDesktop\bin;C:\Windows\System32;D:\IDEA\IntelliJ IDEA 2019.2.4\bin;;C:\Users\Administrator\AppData\Local\Microsoft\WindowsApps;C:\Users\Administrator\AppData\Roaming\npm;D:\VScode\Microsoft VS Code\bin;D:\Maven\apache-maven-3.6.3;
USERNAME=Administrator
OS=Windows_NT
PROCESSOR_IDENTIFIER=Intel64 Family 6 Model 45 Stepping 7, GenuineIntel



---------------  S Y S T E M  ---------------

OS: Windows 10.0 , 64 bit Build 18362 (10.0.18362.1500)

CPU:total 12 (6 cores per cpu, 2 threads per core) family 6 model 45 stepping 7, cmov, cx8, fxsr, mmx, sse, sse2, sse3, ssse3, sse4.1, sse4.2, popcnt, avx, aes, clmul, ht, tsc, tscinvbit, tscinv

Memory: 4k page, physical 33472788k(9176108k free), swap 33472788k(5176k free)

vm_info: Java HotSpot(TM) 64-Bit Server VM (25.111-b14) for windows-amd64 JRE (1.8.0_111-b14), built on Sep 22 2016 19:24:05 by "java_re" with MS VC++ 10.0 (VS2010)

time: Tue Sep 14 16:58:21 2021
elapsed time: 0 seconds (0d 0h 0m 0s)

